<?xml version="1.0" encoding="UTF-8"?>
<!-- Generated by org.testng.reporters.JUnitReportReporter -->
<testsuite hostname="DESKTOP-FQFPM4O" failures="0" tests="12" name="com.abi.test.pageobject.Tests.LoginTest" time="11.649" errors="6" timestamp="21 Jul 2024 06:12:40 GMT" skipped="6">
  <testcase classname="com.abi.test.pageobject.Tests.LoginTest" name="loadBrowser" time="1.823">
    <error message="session not created: This version of ChromeDriver only supports Chrome version 123
Current browser version is 126.0.6478.182 with binary path C:\Program Files\Google\Chrome\Application\chrome.exe
Build info: version: &#039;3.141.59&#039;, revision: &#039;e82be7d358&#039;, time: &#039;2018-11-14T08:17:03&#039;
System info: host: &#039;DESKTOP-FQFPM4O&#039;, ip: &#039;172.29.0.1&#039;, os.name: &#039;Windows 10&#039;, os.arch: &#039;amd64&#039;, os.version: &#039;10.0&#039;, java.version: &#039;21.0.2&#039;
Driver info: driver.version: ChromeDriver
remote stacktrace: 	GetHandleVerifier [0x00007FF6DB487062+63090]
	(No symbol) [0x00007FF6DB3F2CB2]
	(No symbol) [0x00007FF6DB28EC65]
	(No symbol) [0x00007FF6DB2C54C2]
	(No symbol) [0x00007FF6DB2C48CF]
	(No symbol) [0x00007FF6DB2BE8C5]
	(No symbol) [0x00007FF6DB2BB2F4]
	(No symbol) [0x00007FF6DB300BFB]
	(No symbol) [0x00007FF6DB300830]
	(No symbol) [0x00007FF6DB2F6D83]
	(No symbol) [0x00007FF6DB2C83A8]
	(No symbol) [0x00007FF6DB2C9441]
	GetHandleVerifier [0x00007FF6DB8825CD+4238301]
	GetHandleVerifier [0x00007FF6DB8BF72D+4488509]
	GetHandleVerifier [0x00007FF6DB8B7A0F+4456479]
	GetHandleVerifier [0x00007FF6DB5605A6+953270]
	(No symbol) [0x00007FF6DB3FE57F]
	(No symbol) [0x00007FF6DB3F9254]
	(No symbol) [0x00007FF6DB3F938B]
	(No symbol) [0x00007FF6DB3E9BC4]
	BaseThreadInitThunk [0x00007FFD881B7374+20]
	RtlUserThreadStart [0x00007FFD8969CC91+33]
" type="org.openqa.selenium.SessionNotCreatedException">
      <![CDATA[org.openqa.selenium.SessionNotCreatedException: session not created: This version of ChromeDriver only supports Chrome version 123
Current browser version is 126.0.6478.182 with binary path C:\Program Files\Google\Chrome\Application\chrome.exe
Build info: version: '3.141.59', revision: 'e82be7d358', time: '2018-11-14T08:17:03'
System info: host: 'DESKTOP-FQFPM4O', ip: '172.29.0.1', os.name: 'Windows 10', os.arch: 'amd64', os.version: '10.0', java.version: '21.0.2'
Driver info: driver.version: ChromeDriver
remote stacktrace: GetHandleVerifier [0x00007FF6DB487062+63090]
(No symbol) [0x00007FF6DB3F2CB2]
(No symbol) [0x00007FF6DB28EC65]
(No symbol) [0x00007FF6DB2C54C2]
(No symbol) [0x00007FF6DB2C48CF]
(No symbol) [0x00007FF6DB2BE8C5]
(No symbol) [0x00007FF6DB2BB2F4]
(No symbol) [0x00007FF6DB300BFB]
(No symbol) [0x00007FF6DB300830]
(No symbol) [0x00007FF6DB2F6D83]
(No symbol) [0x00007FF6DB2C83A8]
(No symbol) [0x00007FF6DB2C9441]
GetHandleVerifier [0x00007FF6DB8825CD+4238301]
GetHandleVerifier [0x00007FF6DB8BF72D+4488509]
GetHandleVerifier [0x00007FF6DB8B7A0F+4456479]
GetHandleVerifier [0x00007FF6DB5605A6+953270]
(No symbol) [0x00007FF6DB3FE57F]
(No symbol) [0x00007FF6DB3F9254]
(No symbol) [0x00007FF6DB3F938B]
(No symbol) [0x00007FF6DB3E9BC4]
BaseThreadInitThunk [0x00007FFD881B7374+20]
RtlUserThreadStart [0x00007FFD8969CC91+33]

at java.base/jdk.internal.reflect.DirectConstructorHandleAccessor.newInstance(DirectConstructorHandleAccessor.java:62)
at java.base/java.lang.reflect.Constructor.newInstanceWithCaller(Constructor.java:502)
at java.base/java.lang.reflect.Constructor.newInstance(Constructor.java:486)
at org.openqa.selenium.remote.W3CHandshakeResponse.lambda$errorHandler$0(W3CHandshakeResponse.java:62)
at org.openqa.selenium.remote.HandshakeResponse.lambda$getResponseFunction$0(HandshakeResponse.java:30)
at org.openqa.selenium.remote.ProtocolHandshake.lambda$createSession$0(ProtocolHandshake.java:126)
at java.base/java.util.stream.ReferencePipeline$3$1.accept(ReferencePipeline.java:197)
at java.base/java.util.Spliterators$ArraySpliterator.tryAdvance(Spliterators.java:1034)
at java.base/java.util.stream.ReferencePipeline.forEachWithCancel(ReferencePipeline.java:129)
at java.base/java.util.stream.AbstractPipeline.copyIntoWithCancel(AbstractPipeline.java:527)
at java.base/java.util.stream.AbstractPipeline.copyInto(AbstractPipeline.java:513)
at java.base/java.util.stream.AbstractPipeline.wrapAndCopyInto(AbstractPipeline.java:499)
at java.base/java.util.stream.FindOps$FindOp.evaluateSequential(FindOps.java:150)
at java.base/java.util.stream.AbstractPipeline.evaluate(AbstractPipeline.java:234)
at java.base/java.util.stream.ReferencePipeline.findFirst(ReferencePipeline.java:647)
at org.openqa.selenium.remote.ProtocolHandshake.createSession(ProtocolHandshake.java:128)
at org.openqa.selenium.remote.ProtocolHandshake.createSession(ProtocolHandshake.java:74)
at org.openqa.selenium.remote.HttpCommandExecutor.execute(HttpCommandExecutor.java:136)
at org.openqa.selenium.remote.service.DriverCommandExecutor.execute(DriverCommandExecutor.java:83)
at org.openqa.selenium.remote.RemoteWebDriver.execute(RemoteWebDriver.java:552)
at org.openqa.selenium.remote.RemoteWebDriver.startSession(RemoteWebDriver.java:213)
at org.openqa.selenium.remote.RemoteWebDriver.<init>(RemoteWebDriver.java:131)
at org.openqa.selenium.chrome.ChromeDriver.<init>(ChromeDriver.java:181)
at org.openqa.selenium.chrome.ChromeDriver.<init>(ChromeDriver.java:168)
at org.openqa.selenium.chrome.ChromeDriver.<init>(ChromeDriver.java:123)
at com.abi.test.pageobject.Utils.PageBase.initiateDriver(PageBase.java:45)
at com.abi.test.pageobject.Utils.TestBase.loadBrowser(TestBase.java:30)
at java.base/jdk.internal.reflect.DirectMethodHandleAccessor.invoke(DirectMethodHandleAccessor.java:103)
at java.base/java.lang.reflect.Method.invoke(Method.java:580)
at org.testng.internal.MethodInvocationHelper.invokeMethod(MethodInvocationHelper.java:124)
at org.testng.internal.MethodInvocationHelper.invokeMethodConsideringTimeout(MethodInvocationHelper.java:59)
at org.testng.internal.Invoker.invokeConfigurationMethod(Invoker.java:458)
at org.testng.internal.Invoker.invokeConfigurations(Invoker.java:222)
at org.testng.internal.Invoker.invokeMethod(Invoker.java:523)
at org.testng.internal.Invoker.invokeTestMethod(Invoker.java:719)
at org.testng.internal.Invoker.invokeTestMethods(Invoker.java:989)
at org.testng.internal.TestMethodWorker.invokeTestMethods(TestMethodWorker.java:125)
at org.testng.internal.TestMethodWorker.run(TestMethodWorker.java:109)
at org.testng.TestRunner.privateRun(TestRunner.java:648)
at org.testng.TestRunner.run(TestRunner.java:505)
at org.testng.SuiteRunner.runTest(SuiteRunner.java:455)
at org.testng.SuiteRunner.runSequentially(SuiteRunner.java:450)
at org.testng.SuiteRunner.privateRun(SuiteRunner.java:415)
at org.testng.SuiteRunner.run(SuiteRunner.java:364)
at org.testng.SuiteRunnerWorker.runSuite(SuiteRunnerWorker.java:52)
at org.testng.SuiteRunnerWorker.run(SuiteRunnerWorker.java:84)
at org.testng.TestNG.runSuitesSequentially(TestNG.java:1208)
at org.testng.TestNG.runSuitesLocally(TestNG.java:1137)
at org.testng.TestNG.runSuites(TestNG.java:1049)
at org.testng.TestNG.run(TestNG.java:1017)
at org.testng.remote.AbstractRemoteTestNG.run(AbstractRemoteTestNG.java:115)
at org.testng.remote.RemoteTestNG.initAndRun(RemoteTestNG.java:251)
at org.testng.remote.RemoteTestNG.main(RemoteTestNG.java:77)
]]>
    </error>
  </testcase> <!-- loadBrowser -->
  <testcase classname="com.abi.test.pageobject.Tests.LoginTest" name="loadBrowser" time="1.834">
    <error message="session not created: This version of ChromeDriver only supports Chrome version 123
Current browser version is 126.0.6478.182 with binary path C:\Program Files\Google\Chrome\Application\chrome.exe
Build info: version: &#039;3.141.59&#039;, revision: &#039;e82be7d358&#039;, time: &#039;2018-11-14T08:17:03&#039;
System info: host: &#039;DESKTOP-FQFPM4O&#039;, ip: &#039;172.29.0.1&#039;, os.name: &#039;Windows 10&#039;, os.arch: &#039;amd64&#039;, os.version: &#039;10.0&#039;, java.version: &#039;21.0.2&#039;
Driver info: driver.version: ChromeDriver
remote stacktrace: 	GetHandleVerifier [0x00007FF6DB487062+63090]
	(No symbol) [0x00007FF6DB3F2CB2]
	(No symbol) [0x00007FF6DB28EC65]
	(No symbol) [0x00007FF6DB2C54C2]
	(No symbol) [0x00007FF6DB2C48CF]
	(No symbol) [0x00007FF6DB2BE8C5]
	(No symbol) [0x00007FF6DB2BB2F4]
	(No symbol) [0x00007FF6DB300BFB]
	(No symbol) [0x00007FF6DB300830]
	(No symbol) [0x00007FF6DB2F6D83]
	(No symbol) [0x00007FF6DB2C83A8]
	(No symbol) [0x00007FF6DB2C9441]
	GetHandleVerifier [0x00007FF6DB8825CD+4238301]
	GetHandleVerifier [0x00007FF6DB8BF72D+4488509]
	GetHandleVerifier [0x00007FF6DB8B7A0F+4456479]
	GetHandleVerifier [0x00007FF6DB5605A6+953270]
	(No symbol) [0x00007FF6DB3FE57F]
	(No symbol) [0x00007FF6DB3F9254]
	(No symbol) [0x00007FF6DB3F938B]
	(No symbol) [0x00007FF6DB3E9BC4]
	BaseThreadInitThunk [0x00007FFD881B7374+20]
	RtlUserThreadStart [0x00007FFD8969CC91+33]
" type="org.openqa.selenium.SessionNotCreatedException">
      <![CDATA[org.openqa.selenium.SessionNotCreatedException: session not created: This version of ChromeDriver only supports Chrome version 123
Current browser version is 126.0.6478.182 with binary path C:\Program Files\Google\Chrome\Application\chrome.exe
Build info: version: '3.141.59', revision: 'e82be7d358', time: '2018-11-14T08:17:03'
System info: host: 'DESKTOP-FQFPM4O', ip: '172.29.0.1', os.name: 'Windows 10', os.arch: 'amd64', os.version: '10.0', java.version: '21.0.2'
Driver info: driver.version: ChromeDriver
remote stacktrace: GetHandleVerifier [0x00007FF6DB487062+63090]
(No symbol) [0x00007FF6DB3F2CB2]
(No symbol) [0x00007FF6DB28EC65]
(No symbol) [0x00007FF6DB2C54C2]
(No symbol) [0x00007FF6DB2C48CF]
(No symbol) [0x00007FF6DB2BE8C5]
(No symbol) [0x00007FF6DB2BB2F4]
(No symbol) [0x00007FF6DB300BFB]
(No symbol) [0x00007FF6DB300830]
(No symbol) [0x00007FF6DB2F6D83]
(No symbol) [0x00007FF6DB2C83A8]
(No symbol) [0x00007FF6DB2C9441]
GetHandleVerifier [0x00007FF6DB8825CD+4238301]
GetHandleVerifier [0x00007FF6DB8BF72D+4488509]
GetHandleVerifier [0x00007FF6DB8B7A0F+4456479]
GetHandleVerifier [0x00007FF6DB5605A6+953270]
(No symbol) [0x00007FF6DB3FE57F]
(No symbol) [0x00007FF6DB3F9254]
(No symbol) [0x00007FF6DB3F938B]
(No symbol) [0x00007FF6DB3E9BC4]
BaseThreadInitThunk [0x00007FFD881B7374+20]
RtlUserThreadStart [0x00007FFD8969CC91+33]

at java.base/jdk.internal.reflect.DirectConstructorHandleAccessor.newInstance(DirectConstructorHandleAccessor.java:62)
at java.base/java.lang.reflect.Constructor.newInstanceWithCaller(Constructor.java:502)
at java.base/java.lang.reflect.Constructor.newInstance(Constructor.java:486)
at org.openqa.selenium.remote.W3CHandshakeResponse.lambda$errorHandler$0(W3CHandshakeResponse.java:62)
at org.openqa.selenium.remote.HandshakeResponse.lambda$getResponseFunction$0(HandshakeResponse.java:30)
at org.openqa.selenium.remote.ProtocolHandshake.lambda$createSession$0(ProtocolHandshake.java:126)
at java.base/java.util.stream.ReferencePipeline$3$1.accept(ReferencePipeline.java:197)
at java.base/java.util.Spliterators$ArraySpliterator.tryAdvance(Spliterators.java:1034)
at java.base/java.util.stream.ReferencePipeline.forEachWithCancel(ReferencePipeline.java:129)
at java.base/java.util.stream.AbstractPipeline.copyIntoWithCancel(AbstractPipeline.java:527)
at java.base/java.util.stream.AbstractPipeline.copyInto(AbstractPipeline.java:513)
at java.base/java.util.stream.AbstractPipeline.wrapAndCopyInto(AbstractPipeline.java:499)
at java.base/java.util.stream.FindOps$FindOp.evaluateSequential(FindOps.java:150)
at java.base/java.util.stream.AbstractPipeline.evaluate(AbstractPipeline.java:234)
at java.base/java.util.stream.ReferencePipeline.findFirst(ReferencePipeline.java:647)
at org.openqa.selenium.remote.ProtocolHandshake.createSession(ProtocolHandshake.java:128)
at org.openqa.selenium.remote.ProtocolHandshake.createSession(ProtocolHandshake.java:74)
at org.openqa.selenium.remote.HttpCommandExecutor.execute(HttpCommandExecutor.java:136)
at org.openqa.selenium.remote.service.DriverCommandExecutor.execute(DriverCommandExecutor.java:83)
at org.openqa.selenium.remote.RemoteWebDriver.execute(RemoteWebDriver.java:552)
at org.openqa.selenium.remote.RemoteWebDriver.startSession(RemoteWebDriver.java:213)
at org.openqa.selenium.remote.RemoteWebDriver.<init>(RemoteWebDriver.java:131)
at org.openqa.selenium.chrome.ChromeDriver.<init>(ChromeDriver.java:181)
at org.openqa.selenium.chrome.ChromeDriver.<init>(ChromeDriver.java:168)
at org.openqa.selenium.chrome.ChromeDriver.<init>(ChromeDriver.java:123)
at com.abi.test.pageobject.Utils.PageBase.initiateDriver(PageBase.java:45)
at com.abi.test.pageobject.Utils.TestBase.loadBrowser(TestBase.java:30)
at java.base/jdk.internal.reflect.DirectMethodHandleAccessor.invoke(DirectMethodHandleAccessor.java:103)
at java.base/java.lang.reflect.Method.invoke(Method.java:580)
at org.testng.internal.MethodInvocationHelper.invokeMethod(MethodInvocationHelper.java:124)
at org.testng.internal.MethodInvocationHelper.invokeMethodConsideringTimeout(MethodInvocationHelper.java:59)
at org.testng.internal.Invoker.invokeConfigurationMethod(Invoker.java:458)
at org.testng.internal.Invoker.invokeConfigurations(Invoker.java:222)
at org.testng.internal.Invoker.invokeMethod(Invoker.java:523)
at org.testng.internal.Invoker.invokeTestMethod(Invoker.java:719)
at org.testng.internal.Invoker.invokeTestMethods(Invoker.java:989)
at org.testng.internal.TestMethodWorker.invokeTestMethods(TestMethodWorker.java:125)
at org.testng.internal.TestMethodWorker.run(TestMethodWorker.java:109)
at org.testng.TestRunner.privateRun(TestRunner.java:648)
at org.testng.TestRunner.run(TestRunner.java:505)
at org.testng.SuiteRunner.runTest(SuiteRunner.java:455)
at org.testng.SuiteRunner.runSequentially(SuiteRunner.java:450)
at org.testng.SuiteRunner.privateRun(SuiteRunner.java:415)
at org.testng.SuiteRunner.run(SuiteRunner.java:364)
at org.testng.SuiteRunnerWorker.runSuite(SuiteRunnerWorker.java:52)
at org.testng.SuiteRunnerWorker.run(SuiteRunnerWorker.java:84)
at org.testng.TestNG.runSuitesSequentially(TestNG.java:1208)
at org.testng.TestNG.runSuitesLocally(TestNG.java:1137)
at org.testng.TestNG.runSuites(TestNG.java:1049)
at org.testng.TestNG.run(TestNG.java:1017)
at org.testng.remote.AbstractRemoteTestNG.run(AbstractRemoteTestNG.java:115)
at org.testng.remote.RemoteTestNG.initAndRun(RemoteTestNG.java:251)
at org.testng.remote.RemoteTestNG.main(RemoteTestNG.java:77)
]]>
    </error>
  </testcase> <!-- loadBrowser -->
  <testcase classname="com.abi.test.pageobject.Tests.LoginTest" name="loadBrowser" time="2.289">
    <error message="session not created: This version of ChromeDriver only supports Chrome version 123
Current browser version is 126.0.6478.182 with binary path C:\Program Files\Google\Chrome\Application\chrome.exe
Build info: version: &#039;3.141.59&#039;, revision: &#039;e82be7d358&#039;, time: &#039;2018-11-14T08:17:03&#039;
System info: host: &#039;DESKTOP-FQFPM4O&#039;, ip: &#039;172.29.0.1&#039;, os.name: &#039;Windows 10&#039;, os.arch: &#039;amd64&#039;, os.version: &#039;10.0&#039;, java.version: &#039;21.0.2&#039;
Driver info: driver.version: ChromeDriver
remote stacktrace: 	GetHandleVerifier [0x00007FF6DB487062+63090]
	(No symbol) [0x00007FF6DB3F2CB2]
	(No symbol) [0x00007FF6DB28EC65]
	(No symbol) [0x00007FF6DB2C54C2]
	(No symbol) [0x00007FF6DB2C48CF]
	(No symbol) [0x00007FF6DB2BE8C5]
	(No symbol) [0x00007FF6DB2BB2F4]
	(No symbol) [0x00007FF6DB300BFB]
	(No symbol) [0x00007FF6DB300830]
	(No symbol) [0x00007FF6DB2F6D83]
	(No symbol) [0x00007FF6DB2C83A8]
	(No symbol) [0x00007FF6DB2C9441]
	GetHandleVerifier [0x00007FF6DB8825CD+4238301]
	GetHandleVerifier [0x00007FF6DB8BF72D+4488509]
	GetHandleVerifier [0x00007FF6DB8B7A0F+4456479]
	GetHandleVerifier [0x00007FF6DB5605A6+953270]
	(No symbol) [0x00007FF6DB3FE57F]
	(No symbol) [0x00007FF6DB3F9254]
	(No symbol) [0x00007FF6DB3F938B]
	(No symbol) [0x00007FF6DB3E9BC4]
	BaseThreadInitThunk [0x00007FFD881B7374+20]
	RtlUserThreadStart [0x00007FFD8969CC91+33]
" type="org.openqa.selenium.SessionNotCreatedException">
      <![CDATA[org.openqa.selenium.SessionNotCreatedException: session not created: This version of ChromeDriver only supports Chrome version 123
Current browser version is 126.0.6478.182 with binary path C:\Program Files\Google\Chrome\Application\chrome.exe
Build info: version: '3.141.59', revision: 'e82be7d358', time: '2018-11-14T08:17:03'
System info: host: 'DESKTOP-FQFPM4O', ip: '172.29.0.1', os.name: 'Windows 10', os.arch: 'amd64', os.version: '10.0', java.version: '21.0.2'
Driver info: driver.version: ChromeDriver
remote stacktrace: GetHandleVerifier [0x00007FF6DB487062+63090]
(No symbol) [0x00007FF6DB3F2CB2]
(No symbol) [0x00007FF6DB28EC65]
(No symbol) [0x00007FF6DB2C54C2]
(No symbol) [0x00007FF6DB2C48CF]
(No symbol) [0x00007FF6DB2BE8C5]
(No symbol) [0x00007FF6DB2BB2F4]
(No symbol) [0x00007FF6DB300BFB]
(No symbol) [0x00007FF6DB300830]
(No symbol) [0x00007FF6DB2F6D83]
(No symbol) [0x00007FF6DB2C83A8]
(No symbol) [0x00007FF6DB2C9441]
GetHandleVerifier [0x00007FF6DB8825CD+4238301]
GetHandleVerifier [0x00007FF6DB8BF72D+4488509]
GetHandleVerifier [0x00007FF6DB8B7A0F+4456479]
GetHandleVerifier [0x00007FF6DB5605A6+953270]
(No symbol) [0x00007FF6DB3FE57F]
(No symbol) [0x00007FF6DB3F9254]
(No symbol) [0x00007FF6DB3F938B]
(No symbol) [0x00007FF6DB3E9BC4]
BaseThreadInitThunk [0x00007FFD881B7374+20]
RtlUserThreadStart [0x00007FFD8969CC91+33]

at java.base/jdk.internal.reflect.DirectConstructorHandleAccessor.newInstance(DirectConstructorHandleAccessor.java:62)
at java.base/java.lang.reflect.Constructor.newInstanceWithCaller(Constructor.java:502)
at java.base/java.lang.reflect.Constructor.newInstance(Constructor.java:486)
at org.openqa.selenium.remote.W3CHandshakeResponse.lambda$errorHandler$0(W3CHandshakeResponse.java:62)
at org.openqa.selenium.remote.HandshakeResponse.lambda$getResponseFunction$0(HandshakeResponse.java:30)
at org.openqa.selenium.remote.ProtocolHandshake.lambda$createSession$0(ProtocolHandshake.java:126)
at java.base/java.util.stream.ReferencePipeline$3$1.accept(ReferencePipeline.java:197)
at java.base/java.util.Spliterators$ArraySpliterator.tryAdvance(Spliterators.java:1034)
at java.base/java.util.stream.ReferencePipeline.forEachWithCancel(ReferencePipeline.java:129)
at java.base/java.util.stream.AbstractPipeline.copyIntoWithCancel(AbstractPipeline.java:527)
at java.base/java.util.stream.AbstractPipeline.copyInto(AbstractPipeline.java:513)
at java.base/java.util.stream.AbstractPipeline.wrapAndCopyInto(AbstractPipeline.java:499)
at java.base/java.util.stream.FindOps$FindOp.evaluateSequential(FindOps.java:150)
at java.base/java.util.stream.AbstractPipeline.evaluate(AbstractPipeline.java:234)
at java.base/java.util.stream.ReferencePipeline.findFirst(ReferencePipeline.java:647)
at org.openqa.selenium.remote.ProtocolHandshake.createSession(ProtocolHandshake.java:128)
at org.openqa.selenium.remote.ProtocolHandshake.createSession(ProtocolHandshake.java:74)
at org.openqa.selenium.remote.HttpCommandExecutor.execute(HttpCommandExecutor.java:136)
at org.openqa.selenium.remote.service.DriverCommandExecutor.execute(DriverCommandExecutor.java:83)
at org.openqa.selenium.remote.RemoteWebDriver.execute(RemoteWebDriver.java:552)
at org.openqa.selenium.remote.RemoteWebDriver.startSession(RemoteWebDriver.java:213)
at org.openqa.selenium.remote.RemoteWebDriver.<init>(RemoteWebDriver.java:131)
at org.openqa.selenium.chrome.ChromeDriver.<init>(ChromeDriver.java:181)
at org.openqa.selenium.chrome.ChromeDriver.<init>(ChromeDriver.java:168)
at org.openqa.selenium.chrome.ChromeDriver.<init>(ChromeDriver.java:123)
at com.abi.test.pageobject.Utils.PageBase.initiateDriver(PageBase.java:45)
at com.abi.test.pageobject.Utils.TestBase.loadBrowser(TestBase.java:30)
at java.base/jdk.internal.reflect.DirectMethodHandleAccessor.invoke(DirectMethodHandleAccessor.java:103)
at java.base/java.lang.reflect.Method.invoke(Method.java:580)
at org.testng.internal.MethodInvocationHelper.invokeMethod(MethodInvocationHelper.java:124)
at org.testng.internal.MethodInvocationHelper.invokeMethodConsideringTimeout(MethodInvocationHelper.java:59)
at org.testng.internal.Invoker.invokeConfigurationMethod(Invoker.java:458)
at org.testng.internal.Invoker.invokeConfigurations(Invoker.java:222)
at org.testng.internal.Invoker.invokeMethod(Invoker.java:523)
at org.testng.internal.Invoker.invokeTestMethod(Invoker.java:719)
at org.testng.internal.Invoker.invokeTestMethods(Invoker.java:989)
at org.testng.internal.TestMethodWorker.invokeTestMethods(TestMethodWorker.java:125)
at org.testng.internal.TestMethodWorker.run(TestMethodWorker.java:109)
at org.testng.TestRunner.privateRun(TestRunner.java:648)
at org.testng.TestRunner.run(TestRunner.java:505)
at org.testng.SuiteRunner.runTest(SuiteRunner.java:455)
at org.testng.SuiteRunner.runSequentially(SuiteRunner.java:450)
at org.testng.SuiteRunner.privateRun(SuiteRunner.java:415)
at org.testng.SuiteRunner.run(SuiteRunner.java:364)
at org.testng.SuiteRunnerWorker.runSuite(SuiteRunnerWorker.java:52)
at org.testng.SuiteRunnerWorker.run(SuiteRunnerWorker.java:84)
at org.testng.TestNG.runSuitesSequentially(TestNG.java:1208)
at org.testng.TestNG.runSuitesLocally(TestNG.java:1137)
at org.testng.TestNG.runSuites(TestNG.java:1049)
at org.testng.TestNG.run(TestNG.java:1017)
at org.testng.remote.AbstractRemoteTestNG.run(AbstractRemoteTestNG.java:115)
at org.testng.remote.RemoteTestNG.initAndRun(RemoteTestNG.java:251)
at org.testng.remote.RemoteTestNG.main(RemoteTestNG.java:77)
]]>
    </error>
  </testcase> <!-- loadBrowser -->
  <testcase classname="com.abi.test.pageobject.Tests.LoginTest" name="loadBrowser" time="1.926">
    <error message="session not created: This version of ChromeDriver only supports Chrome version 123
Current browser version is 126.0.6478.182 with binary path C:\Program Files\Google\Chrome\Application\chrome.exe
Build info: version: &#039;3.141.59&#039;, revision: &#039;e82be7d358&#039;, time: &#039;2018-11-14T08:17:03&#039;
System info: host: &#039;DESKTOP-FQFPM4O&#039;, ip: &#039;172.29.0.1&#039;, os.name: &#039;Windows 10&#039;, os.arch: &#039;amd64&#039;, os.version: &#039;10.0&#039;, java.version: &#039;21.0.2&#039;
Driver info: driver.version: ChromeDriver
remote stacktrace: 	GetHandleVerifier [0x00007FF6DB487062+63090]
	(No symbol) [0x00007FF6DB3F2CB2]
	(No symbol) [0x00007FF6DB28EC65]
	(No symbol) [0x00007FF6DB2C54C2]
	(No symbol) [0x00007FF6DB2C48CF]
	(No symbol) [0x00007FF6DB2BE8C5]
	(No symbol) [0x00007FF6DB2BB2F4]
	(No symbol) [0x00007FF6DB300BFB]
	(No symbol) [0x00007FF6DB300830]
	(No symbol) [0x00007FF6DB2F6D83]
	(No symbol) [0x00007FF6DB2C83A8]
	(No symbol) [0x00007FF6DB2C9441]
	GetHandleVerifier [0x00007FF6DB8825CD+4238301]
	GetHandleVerifier [0x00007FF6DB8BF72D+4488509]
	GetHandleVerifier [0x00007FF6DB8B7A0F+4456479]
	GetHandleVerifier [0x00007FF6DB5605A6+953270]
	(No symbol) [0x00007FF6DB3FE57F]
	(No symbol) [0x00007FF6DB3F9254]
	(No symbol) [0x00007FF6DB3F938B]
	(No symbol) [0x00007FF6DB3E9BC4]
	BaseThreadInitThunk [0x00007FFD881B7374+20]
	RtlUserThreadStart [0x00007FFD8969CC91+33]
" type="org.openqa.selenium.SessionNotCreatedException">
      <![CDATA[org.openqa.selenium.SessionNotCreatedException: session not created: This version of ChromeDriver only supports Chrome version 123
Current browser version is 126.0.6478.182 with binary path C:\Program Files\Google\Chrome\Application\chrome.exe
Build info: version: '3.141.59', revision: 'e82be7d358', time: '2018-11-14T08:17:03'
System info: host: 'DESKTOP-FQFPM4O', ip: '172.29.0.1', os.name: 'Windows 10', os.arch: 'amd64', os.version: '10.0', java.version: '21.0.2'
Driver info: driver.version: ChromeDriver
remote stacktrace: GetHandleVerifier [0x00007FF6DB487062+63090]
(No symbol) [0x00007FF6DB3F2CB2]
(No symbol) [0x00007FF6DB28EC65]
(No symbol) [0x00007FF6DB2C54C2]
(No symbol) [0x00007FF6DB2C48CF]
(No symbol) [0x00007FF6DB2BE8C5]
(No symbol) [0x00007FF6DB2BB2F4]
(No symbol) [0x00007FF6DB300BFB]
(No symbol) [0x00007FF6DB300830]
(No symbol) [0x00007FF6DB2F6D83]
(No symbol) [0x00007FF6DB2C83A8]
(No symbol) [0x00007FF6DB2C9441]
GetHandleVerifier [0x00007FF6DB8825CD+4238301]
GetHandleVerifier [0x00007FF6DB8BF72D+4488509]
GetHandleVerifier [0x00007FF6DB8B7A0F+4456479]
GetHandleVerifier [0x00007FF6DB5605A6+953270]
(No symbol) [0x00007FF6DB3FE57F]
(No symbol) [0x00007FF6DB3F9254]
(No symbol) [0x00007FF6DB3F938B]
(No symbol) [0x00007FF6DB3E9BC4]
BaseThreadInitThunk [0x00007FFD881B7374+20]
RtlUserThreadStart [0x00007FFD8969CC91+33]

at java.base/jdk.internal.reflect.DirectConstructorHandleAccessor.newInstance(DirectConstructorHandleAccessor.java:62)
at java.base/java.lang.reflect.Constructor.newInstanceWithCaller(Constructor.java:502)
at java.base/java.lang.reflect.Constructor.newInstance(Constructor.java:486)
at org.openqa.selenium.remote.W3CHandshakeResponse.lambda$errorHandler$0(W3CHandshakeResponse.java:62)
at org.openqa.selenium.remote.HandshakeResponse.lambda$getResponseFunction$0(HandshakeResponse.java:30)
at org.openqa.selenium.remote.ProtocolHandshake.lambda$createSession$0(ProtocolHandshake.java:126)
at java.base/java.util.stream.ReferencePipeline$3$1.accept(ReferencePipeline.java:197)
at java.base/java.util.Spliterators$ArraySpliterator.tryAdvance(Spliterators.java:1034)
at java.base/java.util.stream.ReferencePipeline.forEachWithCancel(ReferencePipeline.java:129)
at java.base/java.util.stream.AbstractPipeline.copyIntoWithCancel(AbstractPipeline.java:527)
at java.base/java.util.stream.AbstractPipeline.copyInto(AbstractPipeline.java:513)
at java.base/java.util.stream.AbstractPipeline.wrapAndCopyInto(AbstractPipeline.java:499)
at java.base/java.util.stream.FindOps$FindOp.evaluateSequential(FindOps.java:150)
at java.base/java.util.stream.AbstractPipeline.evaluate(AbstractPipeline.java:234)
at java.base/java.util.stream.ReferencePipeline.findFirst(ReferencePipeline.java:647)
at org.openqa.selenium.remote.ProtocolHandshake.createSession(ProtocolHandshake.java:128)
at org.openqa.selenium.remote.ProtocolHandshake.createSession(ProtocolHandshake.java:74)
at org.openqa.selenium.remote.HttpCommandExecutor.execute(HttpCommandExecutor.java:136)
at org.openqa.selenium.remote.service.DriverCommandExecutor.execute(DriverCommandExecutor.java:83)
at org.openqa.selenium.remote.RemoteWebDriver.execute(RemoteWebDriver.java:552)
at org.openqa.selenium.remote.RemoteWebDriver.startSession(RemoteWebDriver.java:213)
at org.openqa.selenium.remote.RemoteWebDriver.<init>(RemoteWebDriver.java:131)
at org.openqa.selenium.chrome.ChromeDriver.<init>(ChromeDriver.java:181)
at org.openqa.selenium.chrome.ChromeDriver.<init>(ChromeDriver.java:168)
at org.openqa.selenium.chrome.ChromeDriver.<init>(ChromeDriver.java:123)
at com.abi.test.pageobject.Utils.PageBase.initiateDriver(PageBase.java:45)
at com.abi.test.pageobject.Utils.TestBase.loadBrowser(TestBase.java:30)
at java.base/jdk.internal.reflect.DirectMethodHandleAccessor.invoke(DirectMethodHandleAccessor.java:103)
at java.base/java.lang.reflect.Method.invoke(Method.java:580)
at org.testng.internal.MethodInvocationHelper.invokeMethod(MethodInvocationHelper.java:124)
at org.testng.internal.MethodInvocationHelper.invokeMethodConsideringTimeout(MethodInvocationHelper.java:59)
at org.testng.internal.Invoker.invokeConfigurationMethod(Invoker.java:458)
at org.testng.internal.Invoker.invokeConfigurations(Invoker.java:222)
at org.testng.internal.Invoker.invokeMethod(Invoker.java:523)
at org.testng.internal.Invoker.invokeTestMethod(Invoker.java:719)
at org.testng.internal.Invoker.invokeTestMethods(Invoker.java:989)
at org.testng.internal.TestMethodWorker.invokeTestMethods(TestMethodWorker.java:125)
at org.testng.internal.TestMethodWorker.run(TestMethodWorker.java:109)
at org.testng.TestRunner.privateRun(TestRunner.java:648)
at org.testng.TestRunner.run(TestRunner.java:505)
at org.testng.SuiteRunner.runTest(SuiteRunner.java:455)
at org.testng.SuiteRunner.runSequentially(SuiteRunner.java:450)
at org.testng.SuiteRunner.privateRun(SuiteRunner.java:415)
at org.testng.SuiteRunner.run(SuiteRunner.java:364)
at org.testng.SuiteRunnerWorker.runSuite(SuiteRunnerWorker.java:52)
at org.testng.SuiteRunnerWorker.run(SuiteRunnerWorker.java:84)
at org.testng.TestNG.runSuitesSequentially(TestNG.java:1208)
at org.testng.TestNG.runSuitesLocally(TestNG.java:1137)
at org.testng.TestNG.runSuites(TestNG.java:1049)
at org.testng.TestNG.run(TestNG.java:1017)
at org.testng.remote.AbstractRemoteTestNG.run(AbstractRemoteTestNG.java:115)
at org.testng.remote.RemoteTestNG.initAndRun(RemoteTestNG.java:251)
at org.testng.remote.RemoteTestNG.main(RemoteTestNG.java:77)
]]>
    </error>
  </testcase> <!-- loadBrowser -->
  <testcase classname="com.abi.test.pageobject.Tests.LoginTest" name="loadBrowser" time="1.859">
    <error message="session not created: This version of ChromeDriver only supports Chrome version 123
Current browser version is 126.0.6478.182 with binary path C:\Program Files\Google\Chrome\Application\chrome.exe
Build info: version: &#039;3.141.59&#039;, revision: &#039;e82be7d358&#039;, time: &#039;2018-11-14T08:17:03&#039;
System info: host: &#039;DESKTOP-FQFPM4O&#039;, ip: &#039;172.29.0.1&#039;, os.name: &#039;Windows 10&#039;, os.arch: &#039;amd64&#039;, os.version: &#039;10.0&#039;, java.version: &#039;21.0.2&#039;
Driver info: driver.version: ChromeDriver
remote stacktrace: 	GetHandleVerifier [0x00007FF6DB487062+63090]
	(No symbol) [0x00007FF6DB3F2CB2]
	(No symbol) [0x00007FF6DB28EC65]
	(No symbol) [0x00007FF6DB2C54C2]
	(No symbol) [0x00007FF6DB2C48CF]
	(No symbol) [0x00007FF6DB2BE8C5]
	(No symbol) [0x00007FF6DB2BB2F4]
	(No symbol) [0x00007FF6DB300BFB]
	(No symbol) [0x00007FF6DB300830]
	(No symbol) [0x00007FF6DB2F6D83]
	(No symbol) [0x00007FF6DB2C83A8]
	(No symbol) [0x00007FF6DB2C9441]
	GetHandleVerifier [0x00007FF6DB8825CD+4238301]
	GetHandleVerifier [0x00007FF6DB8BF72D+4488509]
	GetHandleVerifier [0x00007FF6DB8B7A0F+4456479]
	GetHandleVerifier [0x00007FF6DB5605A6+953270]
	(No symbol) [0x00007FF6DB3FE57F]
	(No symbol) [0x00007FF6DB3F9254]
	(No symbol) [0x00007FF6DB3F938B]
	(No symbol) [0x00007FF6DB3E9BC4]
	BaseThreadInitThunk [0x00007FFD881B7374+20]
	RtlUserThreadStart [0x00007FFD8969CC91+33]
" type="org.openqa.selenium.SessionNotCreatedException">
      <![CDATA[org.openqa.selenium.SessionNotCreatedException: session not created: This version of ChromeDriver only supports Chrome version 123
Current browser version is 126.0.6478.182 with binary path C:\Program Files\Google\Chrome\Application\chrome.exe
Build info: version: '3.141.59', revision: 'e82be7d358', time: '2018-11-14T08:17:03'
System info: host: 'DESKTOP-FQFPM4O', ip: '172.29.0.1', os.name: 'Windows 10', os.arch: 'amd64', os.version: '10.0', java.version: '21.0.2'
Driver info: driver.version: ChromeDriver
remote stacktrace: GetHandleVerifier [0x00007FF6DB487062+63090]
(No symbol) [0x00007FF6DB3F2CB2]
(No symbol) [0x00007FF6DB28EC65]
(No symbol) [0x00007FF6DB2C54C2]
(No symbol) [0x00007FF6DB2C48CF]
(No symbol) [0x00007FF6DB2BE8C5]
(No symbol) [0x00007FF6DB2BB2F4]
(No symbol) [0x00007FF6DB300BFB]
(No symbol) [0x00007FF6DB300830]
(No symbol) [0x00007FF6DB2F6D83]
(No symbol) [0x00007FF6DB2C83A8]
(No symbol) [0x00007FF6DB2C9441]
GetHandleVerifier [0x00007FF6DB8825CD+4238301]
GetHandleVerifier [0x00007FF6DB8BF72D+4488509]
GetHandleVerifier [0x00007FF6DB8B7A0F+4456479]
GetHandleVerifier [0x00007FF6DB5605A6+953270]
(No symbol) [0x00007FF6DB3FE57F]
(No symbol) [0x00007FF6DB3F9254]
(No symbol) [0x00007FF6DB3F938B]
(No symbol) [0x00007FF6DB3E9BC4]
BaseThreadInitThunk [0x00007FFD881B7374+20]
RtlUserThreadStart [0x00007FFD8969CC91+33]

at java.base/jdk.internal.reflect.DirectConstructorHandleAccessor.newInstance(DirectConstructorHandleAccessor.java:62)
at java.base/java.lang.reflect.Constructor.newInstanceWithCaller(Constructor.java:502)
at java.base/java.lang.reflect.Constructor.newInstance(Constructor.java:486)
at org.openqa.selenium.remote.W3CHandshakeResponse.lambda$errorHandler$0(W3CHandshakeResponse.java:62)
at org.openqa.selenium.remote.HandshakeResponse.lambda$getResponseFunction$0(HandshakeResponse.java:30)
at org.openqa.selenium.remote.ProtocolHandshake.lambda$createSession$0(ProtocolHandshake.java:126)
at java.base/java.util.stream.ReferencePipeline$3$1.accept(ReferencePipeline.java:197)
at java.base/java.util.Spliterators$ArraySpliterator.tryAdvance(Spliterators.java:1034)
at java.base/java.util.stream.ReferencePipeline.forEachWithCancel(ReferencePipeline.java:129)
at java.base/java.util.stream.AbstractPipeline.copyIntoWithCancel(AbstractPipeline.java:527)
at java.base/java.util.stream.AbstractPipeline.copyInto(AbstractPipeline.java:513)
at java.base/java.util.stream.AbstractPipeline.wrapAndCopyInto(AbstractPipeline.java:499)
at java.base/java.util.stream.FindOps$FindOp.evaluateSequential(FindOps.java:150)
at java.base/java.util.stream.AbstractPipeline.evaluate(AbstractPipeline.java:234)
at java.base/java.util.stream.ReferencePipeline.findFirst(ReferencePipeline.java:647)
at org.openqa.selenium.remote.ProtocolHandshake.createSession(ProtocolHandshake.java:128)
at org.openqa.selenium.remote.ProtocolHandshake.createSession(ProtocolHandshake.java:74)
at org.openqa.selenium.remote.HttpCommandExecutor.execute(HttpCommandExecutor.java:136)
at org.openqa.selenium.remote.service.DriverCommandExecutor.execute(DriverCommandExecutor.java:83)
at org.openqa.selenium.remote.RemoteWebDriver.execute(RemoteWebDriver.java:552)
at org.openqa.selenium.remote.RemoteWebDriver.startSession(RemoteWebDriver.java:213)
at org.openqa.selenium.remote.RemoteWebDriver.<init>(RemoteWebDriver.java:131)
at org.openqa.selenium.chrome.ChromeDriver.<init>(ChromeDriver.java:181)
at org.openqa.selenium.chrome.ChromeDriver.<init>(ChromeDriver.java:168)
at org.openqa.selenium.chrome.ChromeDriver.<init>(ChromeDriver.java:123)
at com.abi.test.pageobject.Utils.PageBase.initiateDriver(PageBase.java:45)
at com.abi.test.pageobject.Utils.TestBase.loadBrowser(TestBase.java:30)
at java.base/jdk.internal.reflect.DirectMethodHandleAccessor.invoke(DirectMethodHandleAccessor.java:103)
at java.base/java.lang.reflect.Method.invoke(Method.java:580)
at org.testng.internal.MethodInvocationHelper.invokeMethod(MethodInvocationHelper.java:124)
at org.testng.internal.MethodInvocationHelper.invokeMethodConsideringTimeout(MethodInvocationHelper.java:59)
at org.testng.internal.Invoker.invokeConfigurationMethod(Invoker.java:458)
at org.testng.internal.Invoker.invokeConfigurations(Invoker.java:222)
at org.testng.internal.Invoker.invokeMethod(Invoker.java:523)
at org.testng.internal.Invoker.invokeTestMethod(Invoker.java:719)
at org.testng.internal.Invoker.invokeTestMethods(Invoker.java:989)
at org.testng.internal.TestMethodWorker.invokeTestMethods(TestMethodWorker.java:125)
at org.testng.internal.TestMethodWorker.run(TestMethodWorker.java:109)
at org.testng.TestRunner.privateRun(TestRunner.java:648)
at org.testng.TestRunner.run(TestRunner.java:505)
at org.testng.SuiteRunner.runTest(SuiteRunner.java:455)
at org.testng.SuiteRunner.runSequentially(SuiteRunner.java:450)
at org.testng.SuiteRunner.privateRun(SuiteRunner.java:415)
at org.testng.SuiteRunner.run(SuiteRunner.java:364)
at org.testng.SuiteRunnerWorker.runSuite(SuiteRunnerWorker.java:52)
at org.testng.SuiteRunnerWorker.run(SuiteRunnerWorker.java:84)
at org.testng.TestNG.runSuitesSequentially(TestNG.java:1208)
at org.testng.TestNG.runSuitesLocally(TestNG.java:1137)
at org.testng.TestNG.runSuites(TestNG.java:1049)
at org.testng.TestNG.run(TestNG.java:1017)
at org.testng.remote.AbstractRemoteTestNG.run(AbstractRemoteTestNG.java:115)
at org.testng.remote.RemoteTestNG.initAndRun(RemoteTestNG.java:251)
at org.testng.remote.RemoteTestNG.main(RemoteTestNG.java:77)
]]>
    </error>
  </testcase> <!-- loadBrowser -->
  <testcase classname="com.abi.test.pageobject.Tests.LoginTest" name="loadBrowser" time="1.918">
    <error message="session not created: This version of ChromeDriver only supports Chrome version 123
Current browser version is 126.0.6478.182 with binary path C:\Program Files\Google\Chrome\Application\chrome.exe
Build info: version: &#039;3.141.59&#039;, revision: &#039;e82be7d358&#039;, time: &#039;2018-11-14T08:17:03&#039;
System info: host: &#039;DESKTOP-FQFPM4O&#039;, ip: &#039;172.29.0.1&#039;, os.name: &#039;Windows 10&#039;, os.arch: &#039;amd64&#039;, os.version: &#039;10.0&#039;, java.version: &#039;21.0.2&#039;
Driver info: driver.version: ChromeDriver
remote stacktrace: 	GetHandleVerifier [0x00007FF6DB487062+63090]
	(No symbol) [0x00007FF6DB3F2CB2]
	(No symbol) [0x00007FF6DB28EC65]
	(No symbol) [0x00007FF6DB2C54C2]
	(No symbol) [0x00007FF6DB2C48CF]
	(No symbol) [0x00007FF6DB2BE8C5]
	(No symbol) [0x00007FF6DB2BB2F4]
	(No symbol) [0x00007FF6DB300BFB]
	(No symbol) [0x00007FF6DB300830]
	(No symbol) [0x00007FF6DB2F6D83]
	(No symbol) [0x00007FF6DB2C83A8]
	(No symbol) [0x00007FF6DB2C9441]
	GetHandleVerifier [0x00007FF6DB8825CD+4238301]
	GetHandleVerifier [0x00007FF6DB8BF72D+4488509]
	GetHandleVerifier [0x00007FF6DB8B7A0F+4456479]
	GetHandleVerifier [0x00007FF6DB5605A6+953270]
	(No symbol) [0x00007FF6DB3FE57F]
	(No symbol) [0x00007FF6DB3F9254]
	(No symbol) [0x00007FF6DB3F938B]
	(No symbol) [0x00007FF6DB3E9BC4]
	BaseThreadInitThunk [0x00007FFD881B7374+20]
	RtlUserThreadStart [0x00007FFD8969CC91+33]
" type="org.openqa.selenium.SessionNotCreatedException">
      <![CDATA[org.openqa.selenium.SessionNotCreatedException: session not created: This version of ChromeDriver only supports Chrome version 123
Current browser version is 126.0.6478.182 with binary path C:\Program Files\Google\Chrome\Application\chrome.exe
Build info: version: '3.141.59', revision: 'e82be7d358', time: '2018-11-14T08:17:03'
System info: host: 'DESKTOP-FQFPM4O', ip: '172.29.0.1', os.name: 'Windows 10', os.arch: 'amd64', os.version: '10.0', java.version: '21.0.2'
Driver info: driver.version: ChromeDriver
remote stacktrace: GetHandleVerifier [0x00007FF6DB487062+63090]
(No symbol) [0x00007FF6DB3F2CB2]
(No symbol) [0x00007FF6DB28EC65]
(No symbol) [0x00007FF6DB2C54C2]
(No symbol) [0x00007FF6DB2C48CF]
(No symbol) [0x00007FF6DB2BE8C5]
(No symbol) [0x00007FF6DB2BB2F4]
(No symbol) [0x00007FF6DB300BFB]
(No symbol) [0x00007FF6DB300830]
(No symbol) [0x00007FF6DB2F6D83]
(No symbol) [0x00007FF6DB2C83A8]
(No symbol) [0x00007FF6DB2C9441]
GetHandleVerifier [0x00007FF6DB8825CD+4238301]
GetHandleVerifier [0x00007FF6DB8BF72D+4488509]
GetHandleVerifier [0x00007FF6DB8B7A0F+4456479]
GetHandleVerifier [0x00007FF6DB5605A6+953270]
(No symbol) [0x00007FF6DB3FE57F]
(No symbol) [0x00007FF6DB3F9254]
(No symbol) [0x00007FF6DB3F938B]
(No symbol) [0x00007FF6DB3E9BC4]
BaseThreadInitThunk [0x00007FFD881B7374+20]
RtlUserThreadStart [0x00007FFD8969CC91+33]

at java.base/jdk.internal.reflect.DirectConstructorHandleAccessor.newInstance(DirectConstructorHandleAccessor.java:62)
at java.base/java.lang.reflect.Constructor.newInstanceWithCaller(Constructor.java:502)
at java.base/java.lang.reflect.Constructor.newInstance(Constructor.java:486)
at org.openqa.selenium.remote.W3CHandshakeResponse.lambda$errorHandler$0(W3CHandshakeResponse.java:62)
at org.openqa.selenium.remote.HandshakeResponse.lambda$getResponseFunction$0(HandshakeResponse.java:30)
at org.openqa.selenium.remote.ProtocolHandshake.lambda$createSession$0(ProtocolHandshake.java:126)
at java.base/java.util.stream.ReferencePipeline$3$1.accept(ReferencePipeline.java:197)
at java.base/java.util.Spliterators$ArraySpliterator.tryAdvance(Spliterators.java:1034)
at java.base/java.util.stream.ReferencePipeline.forEachWithCancel(ReferencePipeline.java:129)
at java.base/java.util.stream.AbstractPipeline.copyIntoWithCancel(AbstractPipeline.java:527)
at java.base/java.util.stream.AbstractPipeline.copyInto(AbstractPipeline.java:513)
at java.base/java.util.stream.AbstractPipeline.wrapAndCopyInto(AbstractPipeline.java:499)
at java.base/java.util.stream.FindOps$FindOp.evaluateSequential(FindOps.java:150)
at java.base/java.util.stream.AbstractPipeline.evaluate(AbstractPipeline.java:234)
at java.base/java.util.stream.ReferencePipeline.findFirst(ReferencePipeline.java:647)
at org.openqa.selenium.remote.ProtocolHandshake.createSession(ProtocolHandshake.java:128)
at org.openqa.selenium.remote.ProtocolHandshake.createSession(ProtocolHandshake.java:74)
at org.openqa.selenium.remote.HttpCommandExecutor.execute(HttpCommandExecutor.java:136)
at org.openqa.selenium.remote.service.DriverCommandExecutor.execute(DriverCommandExecutor.java:83)
at org.openqa.selenium.remote.RemoteWebDriver.execute(RemoteWebDriver.java:552)
at org.openqa.selenium.remote.RemoteWebDriver.startSession(RemoteWebDriver.java:213)
at org.openqa.selenium.remote.RemoteWebDriver.<init>(RemoteWebDriver.java:131)
at org.openqa.selenium.chrome.ChromeDriver.<init>(ChromeDriver.java:181)
at org.openqa.selenium.chrome.ChromeDriver.<init>(ChromeDriver.java:168)
at org.openqa.selenium.chrome.ChromeDriver.<init>(ChromeDriver.java:123)
at com.abi.test.pageobject.Utils.PageBase.initiateDriver(PageBase.java:45)
at com.abi.test.pageobject.Utils.TestBase.loadBrowser(TestBase.java:30)
at java.base/jdk.internal.reflect.DirectMethodHandleAccessor.invoke(DirectMethodHandleAccessor.java:103)
at java.base/java.lang.reflect.Method.invoke(Method.java:580)
at org.testng.internal.MethodInvocationHelper.invokeMethod(MethodInvocationHelper.java:124)
at org.testng.internal.MethodInvocationHelper.invokeMethodConsideringTimeout(MethodInvocationHelper.java:59)
at org.testng.internal.Invoker.invokeConfigurationMethod(Invoker.java:458)
at org.testng.internal.Invoker.invokeConfigurations(Invoker.java:222)
at org.testng.internal.Invoker.invokeMethod(Invoker.java:523)
at org.testng.internal.Invoker.invokeTestMethod(Invoker.java:719)
at org.testng.internal.Invoker.invokeTestMethods(Invoker.java:989)
at org.testng.internal.TestMethodWorker.invokeTestMethods(TestMethodWorker.java:125)
at org.testng.internal.TestMethodWorker.run(TestMethodWorker.java:109)
at org.testng.TestRunner.privateRun(TestRunner.java:648)
at org.testng.TestRunner.run(TestRunner.java:505)
at org.testng.SuiteRunner.runTest(SuiteRunner.java:455)
at org.testng.SuiteRunner.runSequentially(SuiteRunner.java:450)
at org.testng.SuiteRunner.privateRun(SuiteRunner.java:415)
at org.testng.SuiteRunner.run(SuiteRunner.java:364)
at org.testng.SuiteRunnerWorker.runSuite(SuiteRunnerWorker.java:52)
at org.testng.SuiteRunnerWorker.run(SuiteRunnerWorker.java:84)
at org.testng.TestNG.runSuitesSequentially(TestNG.java:1208)
at org.testng.TestNG.runSuitesLocally(TestNG.java:1137)
at org.testng.TestNG.runSuites(TestNG.java:1049)
at org.testng.TestNG.run(TestNG.java:1017)
at org.testng.remote.AbstractRemoteTestNG.run(AbstractRemoteTestNG.java:115)
at org.testng.remote.RemoteTestNG.initAndRun(RemoteTestNG.java:251)
at org.testng.remote.RemoteTestNG.main(RemoteTestNG.java:77)
]]>
    </error>
  </testcase> <!-- loadBrowser -->
  <testcase classname="com.abi.test.pageobject.Tests.LoginTest" name="LoginPageTest" time="0.000">
    <skipped/>
  </testcase> <!-- LoginPageTest -->
  <testcase classname="com.abi.test.pageobject.Tests.LoginTest" name="LoginPageTest" time="0.000">
    <skipped/>
  </testcase> <!-- LoginPageTest -->
  <testcase classname="com.abi.test.pageobject.Tests.LoginTest" name="LoginPageTest" time="0.000">
    <skipped/>
  </testcase> <!-- LoginPageTest -->
  <testcase classname="com.abi.test.pageobject.Tests.LoginTest" name="LoginPageTest" time="0.000">
    <skipped/>
  </testcase> <!-- LoginPageTest -->
  <testcase classname="com.abi.test.pageobject.Tests.LoginTest" name="LoginPageTest" time="0.000">
    <skipped/>
  </testcase> <!-- LoginPageTest -->
  <testcase classname="com.abi.test.pageobject.Tests.LoginTest" name="LoginPagevalidTest" time="0.000">
    <skipped/>
  </testcase> <!-- LoginPagevalidTest -->
</testsuite> <!-- com.abi.test.pageobject.Tests.LoginTest -->
